<?xml version="1.0" encoding="UTF-8" ?>
<testsuite tests="4" failures="0" name="mockito.T_E_S_T_Mockito" time="0.328" errors="0" skipped="0">
  <properties>
[...]
</properties>
  <testcase classname="T_E_S_T_Mockito" name="testMockitoMockCalendar()" time="0.281"/>
  <testcase classname="T_E_S_T_Mockito" name="testMockitoMocks()" time="0.031"/>
  <testcase classname="T_E_S_T_Mockito" name="testMockitoSpies()" time="0.016"/>
  <testcase classname="T_E_S_T_Mockito" name="testMockitoArgumentCaptor()" time="0"/>
</testsuite>