<?xml version="1.0" encoding="UTF-8" ?>
<testsuite tests="1" failures="1" name="hellocucumber.RunCucumberTest" time="0.479" errors="0" skipped="0">
  <properties>
[...]
</properties>
  <testcase classname="Is it Friday yet?" name="Sunday isn\&apos;t Friday" time="0.134">
    <failure message="expected:&lt;Nope[]&gt; but was:&lt;Nope[xxxxxxx]&gt;" type="org.junit.ComparisonFailure">org.junit.ComparisonFailure: expected:&lt;Nope[]&gt; but was:&lt;Nope[xxxxxxx]&gt;
	at org.junit.Assert.assertEquals(Assert.java:115)
	at org.junit.Assert.assertEquals(Assert.java:144)
	at hellocucumber.Stepdefs.i_should_be_told(Stepdefs.java:33)
	at ✽.I should be told &quot;Nope&quot;(hellocucumber/is_it_friday_yet.feature:7)
</failure>
    <system-out>Feature: Is it Friday yet?
  Everybody wants to know when it&apos;s Friday

  Scenario: Sunday isn&apos;t Friday        &amp;#27;[90m# hellocucumber/is_it_friday_yet.feature:4&amp;#27;[0m
    &amp;#27;[32mGiven &amp;#27;[0m&amp;#27;[32mtoday is Sunday&amp;#27;[0m              &amp;#27;[90m# Stepdefs.today_is_Sunday()&amp;#27;[0m
    &amp;#27;[32mWhen &amp;#27;[0m&amp;#27;[32mI ask whether it&apos;s Friday yet&amp;#27;[0m &amp;#27;[90m# Stepdefs.i_ask_whether_is_s_Friday_yet()&amp;#27;[0m
    &amp;#27;[31mThen &amp;#27;[0m&amp;#27;[31mI should be told &quot;&amp;#27;[0m&amp;#27;[31m&amp;#27;[1mNope&amp;#27;[0m&amp;#27;[31m&quot;&amp;#27;[0m       &amp;#27;[90m# Stepdefs.i_should_be_told(String)&amp;#27;[0m
      &amp;#27;[31morg.junit.ComparisonFailure: expected:&lt;Nope[]&gt; but was:&lt;Nope[xxxxxxx]&gt;
	at org.junit.Assert.assertEquals(Assert.java:115)
	at org.junit.Assert.assertEquals(Assert.java:144)
	at hellocucumber.Stepdefs.i_should_be_told(Stepdefs.java:33)
	at ?.I should be told &quot;Nope&quot;(hellocucumber/is_it_friday_yet.feature:7)
&amp;#27;[0m
</system-out>
  </testcase>
</testsuite>